2020-09-04 23:21:53,986 - 23:21:53 Checking messages.
2020-09-04 23:21:54,896 - Updating all badges.
2020-09-04 23:21:54,897 - Updating badges for schmeedafam
2020-09-04 23:21:54,898 - Updating badges for guardiansofchastity
2020-09-04 23:21:55,076 - updateAllBadges: updated queenofscruples with 27 days in subreddit guardiansofchastity
2020-09-04 23:21:55,262 - updateAllBadges: updated Fierce_Zebra_1 with 4 days in subreddit guardiansofchastity
2020-09-04 23:21:55,414 - updateAllBadges: updated curioustxn25 with 109 days in subreddit guardiansofchastity
2020-09-04 23:21:55,591 - updateAllBadges: updated ashlanlions with 117 days in subreddit guardiansofchastity
2020-09-04 23:21:55,745 - updateAllBadges: updated herky17 with 62 days in subreddit guardiansofchastity
2020-09-04 23:21:55,745 - Updating badges for brosaemvmeste
2020-09-04 23:21:55,919 - updateAllBadges: updated fraud_2001 with 95 days in subreddit brosaemvmeste
2020-09-04 23:21:56,147 - updateAllBadges: updated Paranoyaa with 10 days in subreddit brosaemvmeste
2020-09-04 23:21:56,352 - updateAllBadges: updated postman100500 with 25 days in subreddit brosaemvmeste
2020-09-04 23:21:57,518 - updateAllBadges: updated DebiDalas with 5 days in subreddit brosaemvmeste
2020-09-04 23:21:57,691 - updateAllBadges: updated 6o6pgo6p with 4 days in subreddit brosaemvmeste
2020-09-04 23:21:57,885 - updateAllBadges: updated paulblind with 376 days in subreddit brosaemvmeste
2020-09-04 23:21:58,046 - updateAllBadges: updated hen_and_rabbit with 56 days in subreddit brosaemvmeste
2020-09-04 23:21:58,195 - updateAllBadges: updated vitckor with 96 days in subreddit brosaemvmeste
2020-09-04 23:21:58,360 - updateAllBadges: updated ZigZagNN with 22 days in subreddit brosaemvmeste
2020-09-04 23:21:58,528 - updateAllBadges: updated jericho1403 with 3 days in subreddit brosaemvmeste
2020-09-04 23:21:58,711 - updateAllBadges: updated ArisSson with 5 days in subreddit brosaemvmeste
2020-09-04 23:21:58,853 - updateAllBadges: updated 10TM with 5 days in subreddit brosaemvmeste
2020-09-04 23:21:59,008 - updateAllBadges: updated Skidle95 with 105 days in subreddit brosaemvmeste
2020-09-04 23:22:00,186 - updateAllBadges: updated Trjam with 8 days in subreddit brosaemvmeste
2020-09-04 23:22:00,354 - updateAllBadges: updated Vrottenogi with 17 days in subreddit brosaemvmeste
2020-09-04 23:22:00,541 - updateAllBadges: updated SoNewbee with 49 days in subreddit brosaemvmeste
2020-09-04 23:22:00,713 - updateAllBadges: updated ivlikas with 8 days in subreddit brosaemvmeste
2020-09-04 23:22:00,905 - updateAllBadges: updated 01tahmkench with 14 days in subreddit brosaemvmeste
2020-09-04 23:22:01,153 - updateAllBadges: updated BOTTLED-IN-BOND_12y with 12 days in subreddit brosaemvmeste
2020-09-04 23:22:01,324 - updateAllBadges: updated abdulahmid with 1 days in subreddit brosaemvmeste
2020-09-04 23:22:01,511 - updateAllBadges: updated Antonio7483 with 46 days in subreddit brosaemvmeste
2020-09-04 23:22:01,511 - Updating badges for badgebot2
2020-09-04 23:22:01,512 - Updating badges for stopspeeding
2020-09-04 23:22:01,730 - updateAllBadges: updated StopSpeeding_Mod with 223 days in subreddit stopspeeding
2020-09-04 23:22:01,894 - updateAllBadges: updated goodgollie with 100 days in subreddit stopspeeding
2020-09-04 23:22:02,071 - updateAllBadges: updated therealwsdl with 1315 days in subreddit stopspeeding
2020-09-04 23:22:02,282 - updateAllBadges: updated bdeelin7 with 80 days in subreddit stopspeeding
2020-09-04 23:22:02,454 - updateAllBadges: updated DicPlz971 with 8 days in subreddit stopspeeding
2020-09-04 23:22:02,654 - updateAllBadges: updated Stay_Calm_Recover_On with 83 days in subreddit stopspeeding
2020-09-04 23:22:02,812 - updateAllBadges: updated boomtoasted302 with 20 days in subreddit stopspeeding
2020-09-04 23:22:02,971 - updateAllBadges: updated cup_1337 with 371 days in subreddit stopspeeding
2020-09-04 23:22:03,184 - updateAllBadges: updated speedyalt138 with 5 days in subreddit stopspeeding
2020-09-04 23:22:03,351 - updateAllBadges: updated wellfexor with 156 days in subreddit stopspeeding
2020-09-04 23:22:03,567 - updateAllBadges: updated Lazo- with 1 days in subreddit stopspeeding
2020-09-04 23:22:03,741 - updateAllBadges: updated jbalplayr02 with 951 days in subreddit stopspeeding
2020-09-04 23:22:03,912 - updateAllBadges: updated aygyoza with 765 days in subreddit stopspeeding
2020-09-04 23:26:16,629 - 23:26:16 Checking messages.
2020-09-04 23:31:19,735 - 23:31:19 Checking messages.
2020-09-04 23:32:08,872 - Unknown string format: remove
2020-09-04 23:32:08,872 - New valid message from: Lazo-
2020-09-04 23:32:08,872 - Unknown string format: remove
2020-09-04 23:32:08,873 - Trying to remove, user is in db: Lazo-
2020-09-04 23:32:08,874 - removeFromDatabase(): Removed Lazo- from stopspeeding
2020-09-04 23:32:08,874 - Removed Lazo- from stopspeeding
2020-09-04 23:32:09,999 - Replied to remove request.
2020-09-04 23:36:20,899 - 23:36:20 Checking messages.
2020-09-04 23:41:25,473 - 23:41:25 Checking messages.
2020-09-04 23:46:26,669 - 23:46:26 Checking messages.
2020-09-04 23:48:17,901 - Unknown string format: reset
2020-09-04 23:48:17,901 - New valid message from: huckingfoes
2020-09-04 23:48:17,901 - New badge request... giving badge.
2020-09-04 23:51:20,895 - Unknown string format: reset
2020-09-04 23:51:20,895 - New valid message from: huckingfoes
2020-09-04 23:51:20,895 - New badge request... giving badge.
2020-09-04 23:51:28,110 - 23:51:28 Checking messages.
2020-09-04 23:52:21,407 - 23:52:21 Checking messages.
2020-09-04 23:55:22,477 - Unknown string format: remove
2020-09-04 23:55:22,477 - New valid message from: huckingfoes
2020-09-04 23:55:22,477 - Unknown string format: remove
2020-09-04 23:55:22,477 - Trying to remove, user is in db: huckingfoes
2020-09-04 23:55:22,479 - removeFromDatabase(): Removed huckingfoes from stopspeeding
2020-09-04 23:55:22,480 - Removed huckingfoes from stopspeeding
2020-09-04 23:55:23,079 - Replied to remove request.
2020-09-04 23:56:30,796 - 23:56:30 Checking messages.
2020-09-05 00:01:32,010 - 00:01:32 Checking messages.
2020-09-05 00:10:00,088 - 00:10:00 Checking messages.
2020-09-05 00:10:01,456 - New message from huckingfoes
 subject: stopspeeding 
 body: 2020-06-30 
2020-09-05 00:10:01,458 - New valid message from: huckingfoes
2020-09-05 00:10:03,085 - Updated badge.
2020-09-05 00:11:11,760 - 00:11:11 Checking messages.
2020-09-05 00:12:12,800 - Unknown string format: remove
2020-09-05 00:12:12,800 - New valid message from: huckingfoes
2020-09-05 00:12:12,800 - Unknown string format: remove
2020-09-05 00:12:12,801 - Trying to remove, user is in db: huckingfoes
2020-09-05 00:12:12,802 - removeFromDatabase(): Removed huckingfoes from stopspeeding
2020-09-05 00:12:12,802 - Removed huckingfoes from stopspeeding
2020-09-05 00:12:13,380 - Replied to remove request.
2020-09-05 00:13:28,210 - 00:13:28 Checking messages.
2020-09-05 00:14:29,266 - New message from huckingfoes
 subject: stopspeeding 
 body: remove 
2020-09-05 00:14:29,268 - Unknown string format: remove
2020-09-05 00:14:29,268 - New valid message from: huckingfoes
2020-09-05 00:14:29,268 - Unknown string format: remove
2020-09-05 00:14:29,269 - removefromDatabase(): Tried to remove user not in database.
2020-09-05 00:14:29,269 - Tried to remove user not in database
2020-09-05 00:14:29,269 - user: huckingfoes subreddit: stopspeeding
2020-09-05 00:14:29,269 - Removed huckingfoes from stopspeeding
2020-09-05 00:14:29,773 - Replied to remove request.
2020-09-05 00:18:30,555 - 00:18:30 Checking messages.
2020-09-05 00:19:32,046 - New message from huckingfoes
 subject: stopspeeding 
 body: reset 
2020-09-05 00:19:32,047 - Unknown string format: reset
2020-09-05 00:19:32,047 - New valid message from: huckingfoes
2020-09-05 00:19:32,047 - New badge request... giving badge.
2020-09-05 00:20:31,401 - 00:20:31 Checking messages.
2020-09-05 00:20:31,401 - Fetching: GET https://oauth.reddit.com/message/unread/
2020-09-05 00:20:31,401 - Data: None
2020-09-05 00:20:31,401 - Params: {'mark': False, 'limit': 1024, 'raw_json': 1}
2020-09-05 00:20:31,441 - Starting new HTTPS connection (1): www.reddit.com:443
2020-09-05 00:20:31,892 - https://www.reddit.com:443 "POST /api/v1/access_token HTTP/1.1" 200 118
2020-09-05 00:20:31,899 - Starting new HTTPS connection (1): oauth.reddit.com:443
2020-09-05 00:20:32,115 - https://oauth.reddit.com:443 "GET /message/unread/?mark=False&limit=1024&raw_json=1 HTTP/1.1" 200 104
2020-09-05 00:20:32,116 - Response: 200 (104 bytes)
2020-09-05 00:20:32,117 - Fetching: GET https://oauth.reddit.com/message/unread/
2020-09-05 00:20:32,117 - Data: None
2020-09-05 00:20:32,117 - Params: {'mark': False, 'limit': 1024, 'raw_json': 1}
2020-09-05 00:20:32,232 - https://oauth.reddit.com:443 "GET /message/unread/?mark=False&limit=1024&raw_json=1 HTTP/1.1" 200 104
2020-09-05 00:20:32,234 - Response: 200 (104 bytes)
2020-09-05 00:20:32,234 - Updating all badges.
2020-09-05 00:20:32,235 - Updating badges for schmeedafam
2020-09-05 00:20:32,235 - Updating badges for guardiansofchastity
2020-09-05 00:20:32,236 - Fetching: POST https://oauth.reddit.com/r/guardiansofchastity/api/flair/
2020-09-05 00:20:32,236 - Data: [('api_type', 'json'), ('css_class', 'badge'), ('name', 'queenofscruples'), ('text', '28 days')]
2020-09-05 00:20:32,236 - Params: {'raw_json': 1}
2020-09-05 00:20:32,528 - https://oauth.reddit.com:443 "POST /r/guardiansofchastity/api/flair/?raw_json=1 HTTP/1.1" 200 24
2020-09-05 00:20:32,529 - Response: 200 (24 bytes)
2020-09-05 00:20:32,529 - updateAllBadges: updated queenofscruples with 28 days in subreddit guardiansofchastity
2020-09-05 00:20:32,530 - Fetching: POST https://oauth.reddit.com/r/guardiansofchastity/api/flair/
2020-09-05 00:20:32,530 - Data: [('api_type', 'json'), ('css_class', 'badge'), ('name', 'Fierce_Zebra_1'), ('text', '5 days')]
2020-09-05 00:20:32,530 - Params: {'raw_json': 1}
2020-09-05 00:20:32,706 - https://oauth.reddit.com:443 "POST /r/guardiansofchastity/api/flair/?raw_json=1 HTTP/1.1" 200 24
2020-09-05 00:20:32,707 - Response: 200 (24 bytes)
2020-09-05 00:20:32,707 - updateAllBadges: updated Fierce_Zebra_1 with 5 days in subreddit guardiansofchastity
2020-09-05 00:20:32,707 - Fetching: POST https://oauth.reddit.com/r/guardiansofchastity/api/flair/
2020-09-05 00:20:32,707 - Data: [('api_type', 'json'), ('css_class', 'badge'), ('name', 'curioustxn25'), ('text', '110 days')]
2020-09-05 00:20:32,707 - Params: {'raw_json': 1}
2020-09-05 00:20:32,894 - https://oauth.reddit.com:443 "POST /r/guardiansofchastity/api/flair/?raw_json=1 HTTP/1.1" 200 24
2020-09-05 00:20:32,895 - Response: 200 (24 bytes)
2020-09-05 00:20:32,895 - updateAllBadges: updated curioustxn25 with 110 days in subreddit guardiansofchastity
2020-09-05 00:20:32,896 - Fetching: POST https://oauth.reddit.com/r/guardiansofchastity/api/flair/
2020-09-05 00:20:32,896 - Data: [('api_type', 'json'), ('css_class', 'badge'), ('name', 'ashlanlions'), ('text', '118 days')]
2020-09-05 00:20:32,896 - Params: {'raw_json': 1}
2020-09-05 00:20:33,061 - https://oauth.reddit.com:443 "POST /r/guardiansofchastity/api/flair/?raw_json=1 HTTP/1.1" 200 24
2020-09-05 00:20:33,062 - Response: 200 (24 bytes)
2020-09-05 00:20:33,062 - updateAllBadges: updated ashlanlions with 118 days in subreddit guardiansofchastity
2020-09-05 00:20:33,063 - Fetching: POST https://oauth.reddit.com/r/guardiansofchastity/api/flair/
2020-09-05 00:20:33,063 - Data: [('api_type', 'json'), ('css_class', 'badge'), ('name', 'herky17'), ('text', '63 days')]
2020-09-05 00:20:33,063 - Params: {'raw_json': 1}
2020-09-05 00:20:33,223 - https://oauth.reddit.com:443 "POST /r/guardiansofchastity/api/flair/?raw_json=1 HTTP/1.1" 200 24
2020-09-05 00:20:33,224 - Response: 200 (24 bytes)
2020-09-05 00:20:33,224 - updateAllBadges: updated herky17 with 63 days in subreddit guardiansofchastity
2020-09-05 00:20:33,224 - Updating badges for brosaemvmeste
2020-09-05 00:20:33,225 - Fetching: POST https://oauth.reddit.com/r/brosaemvmeste/api/flair/
2020-09-05 00:20:33,225 - Data: [('api_type', 'json'), ('css_class', 'badge'), ('name', 'fraud_2001'), ('text', '96 days')]
2020-09-05 00:20:33,226 - Params: {'raw_json': 1}
2020-09-05 00:20:33,400 - https://oauth.reddit.com:443 "POST /r/brosaemvmeste/api/flair/?raw_json=1 HTTP/1.1" 200 24
2020-09-05 00:20:33,401 - Response: 200 (24 bytes)
2020-09-05 00:20:33,401 - updateAllBadges: updated fraud_2001 with 96 days in subreddit brosaemvmeste
2020-09-05 00:20:33,402 - Fetching: POST https://oauth.reddit.com/r/brosaemvmeste/api/flair/
2020-09-05 00:20:33,402 - Data: [('api_type', 'json'), ('css_class', 'badge'), ('name', 'Paranoyaa'), ('text', '11 days')]
2020-09-05 00:20:33,402 - Params: {'raw_json': 1}
2020-09-05 00:20:33,583 - https://oauth.reddit.com:443 "POST /r/brosaemvmeste/api/flair/?raw_json=1 HTTP/1.1" 200 24
2020-09-05 00:20:33,584 - Response: 200 (24 bytes)
2020-09-05 00:20:33,584 - updateAllBadges: updated Paranoyaa with 11 days in subreddit brosaemvmeste
2020-09-05 00:20:33,584 - Fetching: POST https://oauth.reddit.com/r/brosaemvmeste/api/flair/
2020-09-05 00:20:33,584 - Data: [('api_type', 'json'), ('css_class', 'badge'), ('name', 'postman100500'), ('text', '26 days')]
2020-09-05 00:20:33,584 - Params: {'raw_json': 1}
2020-09-05 00:20:33,772 - https://oauth.reddit.com:443 "POST /r/brosaemvmeste/api/flair/?raw_json=1 HTTP/1.1" 200 24
2020-09-05 00:20:33,772 - Response: 200 (24 bytes)
2020-09-05 00:20:33,772 - updateAllBadges: updated postman100500 with 26 days in subreddit brosaemvmeste
2020-09-05 00:20:33,773 - Fetching: POST https://oauth.reddit.com/r/brosaemvmeste/api/flair/
2020-09-05 00:20:33,773 - Data: [('api_type', 'json'), ('css_class', 'badge'), ('name', 'DebiDalas'), ('text', '6 days')]
2020-09-05 00:20:33,773 - Params: {'raw_json': 1}
2020-09-05 00:20:33,990 - https://oauth.reddit.com:443 "POST /r/brosaemvmeste/api/flair/?raw_json=1 HTTP/1.1" 200 24
2020-09-05 00:20:33,990 - Response: 200 (24 bytes)
2020-09-05 00:20:33,991 - updateAllBadges: updated DebiDalas with 6 days in subreddit brosaemvmeste
2020-09-05 00:20:33,991 - Fetching: POST https://oauth.reddit.com/r/brosaemvmeste/api/flair/
2020-09-05 00:20:33,991 - Data: [('api_type', 'json'), ('css_class', 'badge'), ('name', '6o6pgo6p'), ('text', '5 days')]
2020-09-05 00:20:33,991 - Params: {'raw_json': 1}
2020-09-05 00:20:34,168 - https://oauth.reddit.com:443 "POST /r/brosaemvmeste/api/flair/?raw_json=1 HTTP/1.1" 200 24
2020-09-05 00:20:34,168 - Response: 200 (24 bytes)
2020-09-05 00:20:34,169 - updateAllBadges: updated 6o6pgo6p with 5 days in subreddit brosaemvmeste
2020-09-05 00:20:34,169 - Fetching: POST https://oauth.reddit.com/r/brosaemvmeste/api/flair/
2020-09-05 00:20:34,169 - Data: [('api_type', 'json'), ('css_class', 'badge'), ('name', 'paulblind'), ('text', '377 days')]
2020-09-05 00:20:34,169 - Params: {'raw_json': 1}
2020-09-05 00:20:34,330 - https://oauth.reddit.com:443 "POST /r/brosaemvmeste/api/flair/?raw_json=1 HTTP/1.1" 200 24
2020-09-05 00:20:34,330 - Response: 200 (24 bytes)
2020-09-05 00:20:34,330 - updateAllBadges: updated paulblind with 377 days in subreddit brosaemvmeste
2020-09-05 00:20:34,331 - Fetching: POST https://oauth.reddit.com/r/brosaemvmeste/api/flair/
2020-09-05 00:20:34,331 - Data: [('api_type', 'json'), ('css_class', 'badge'), ('name', 'hen_and_rabbit'), ('text', '57 days')]
2020-09-05 00:20:34,331 - Params: {'raw_json': 1}
2020-09-05 00:20:34,491 - https://oauth.reddit.com:443 "POST /r/brosaemvmeste/api/flair/?raw_json=1 HTTP/1.1" 200 24
2020-09-05 00:20:34,492 - Response: 200 (24 bytes)
2020-09-05 00:20:34,492 - updateAllBadges: updated hen_and_rabbit with 57 days in subreddit brosaemvmeste
2020-09-05 00:20:34,493 - Fetching: POST https://oauth.reddit.com/r/brosaemvmeste/api/flair/
2020-09-05 00:20:34,493 - Data: [('api_type', 'json'), ('css_class', 'badge'), ('name', 'vitckor'), ('text', '97 days')]
2020-09-05 00:20:34,493 - Params: {'raw_json': 1}
2020-09-05 00:20:34,654 - https://oauth.reddit.com:443 "POST /r/brosaemvmeste/api/flair/?raw_json=1 HTTP/1.1" 200 24
2020-09-05 00:20:34,655 - Response: 200 (24 bytes)
2020-09-05 00:20:34,655 - updateAllBadges: updated vitckor with 97 days in subreddit brosaemvmeste
2020-09-05 00:20:34,656 - Fetching: POST https://oauth.reddit.com/r/brosaemvmeste/api/flair/
2020-09-05 00:20:34,656 - Data: [('api_type', 'json'), ('css_class', 'badge'), ('name', 'ZigZagNN'), ('text', '23 days')]
2020-09-05 00:20:34,656 - Params: {'raw_json': 1}
2020-09-05 00:20:34,846 - https://oauth.reddit.com:443 "POST /r/brosaemvmeste/api/flair/?raw_json=1 HTTP/1.1" 200 24
2020-09-05 00:20:34,847 - Response: 200 (24 bytes)
2020-09-05 00:20:34,847 - updateAllBadges: updated ZigZagNN with 23 days in subreddit brosaemvmeste
2020-09-05 00:20:34,847 - Fetching: POST https://oauth.reddit.com/r/brosaemvmeste/api/flair/
2020-09-05 00:20:34,847 - Data: [('api_type', 'json'), ('css_class', 'badge'), ('name', 'jericho1403'), ('text', '4 days')]
2020-09-05 00:20:34,847 - Params: {'raw_json': 1}
2020-09-05 00:20:35,010 - https://oauth.reddit.com:443 "POST /r/brosaemvmeste/api/flair/?raw_json=1 HTTP/1.1" 200 24
2020-09-05 00:20:35,011 - Response: 200 (24 bytes)
2020-09-05 00:20:35,011 - updateAllBadges: updated jericho1403 with 4 days in subreddit brosaemvmeste
2020-09-05 00:20:35,011 - Fetching: POST https://oauth.reddit.com/r/brosaemvmeste/api/flair/
2020-09-05 00:20:35,011 - Data: [('api_type', 'json'), ('css_class', 'badge'), ('name', 'ArisSson'), ('text', '6 days')]
2020-09-05 00:20:35,011 - Params: {'raw_json': 1}
2020-09-05 00:20:35,188 - https://oauth.reddit.com:443 "POST /r/brosaemvmeste/api/flair/?raw_json=1 HTTP/1.1" 200 24
2020-09-05 00:20:35,189 - Response: 200 (24 bytes)
2020-09-05 00:20:35,189 - updateAllBadges: updated ArisSson with 6 days in subreddit brosaemvmeste
2020-09-05 00:20:35,190 - Fetching: POST https://oauth.reddit.com/r/brosaemvmeste/api/flair/
2020-09-05 00:20:35,190 - Data: [('api_type', 'json'), ('css_class', 'badge'), ('name', '10TM'), ('text', '6 days')]
2020-09-05 00:20:35,190 - Params: {'raw_json': 1}
2020-09-05 00:20:35,470 - https://oauth.reddit.com:443 "POST /r/brosaemvmeste/api/flair/?raw_json=1 HTTP/1.1" 200 24
2020-09-05 00:20:35,471 - Response: 200 (24 bytes)
2020-09-05 00:20:35,471 - updateAllBadges: updated 10TM with 6 days in subreddit brosaemvmeste
2020-09-05 00:20:35,471 - Fetching: POST https://oauth.reddit.com/r/brosaemvmeste/api/flair/
2020-09-05 00:20:35,472 - Data: [('api_type', 'json'), ('css_class', 'badge'), ('name', 'Skidle95'), ('text', '106 days')]
2020-09-05 00:20:35,472 - Params: {'raw_json': 1}
2020-09-05 00:20:35,624 - https://oauth.reddit.com:443 "POST /r/brosaemvmeste/api/flair/?raw_json=1 HTTP/1.1" 200 24
2020-09-05 00:20:35,625 - Response: 200 (24 bytes)
2020-09-05 00:20:35,626 - updateAllBadges: updated Skidle95 with 106 days in subreddit brosaemvmeste
2020-09-05 00:20:35,626 - Fetching: POST https://oauth.reddit.com/r/brosaemvmeste/api/flair/
2020-09-05 00:20:35,626 - Data: [('api_type', 'json'), ('css_class', 'badge'), ('name', 'Trjam'), ('text', '9 days')]
2020-09-05 00:20:35,626 - Params: {'raw_json': 1}
2020-09-05 00:20:35,817 - https://oauth.reddit.com:443 "POST /r/brosaemvmeste/api/flair/?raw_json=1 HTTP/1.1" 200 24
2020-09-05 00:20:35,818 - Response: 200 (24 bytes)
2020-09-05 00:20:35,818 - updateAllBadges: updated Trjam with 9 days in subreddit brosaemvmeste
2020-09-05 00:20:35,818 - Fetching: POST https://oauth.reddit.com/r/brosaemvmeste/api/flair/
2020-09-05 00:20:35,819 - Data: [('api_type', 'json'), ('css_class', 'badge'), ('name', 'Vrottenogi'), ('text', '18 days')]
2020-09-05 00:20:35,819 - Params: {'raw_json': 1}
2020-09-05 00:20:35,991 - https://oauth.reddit.com:443 "POST /r/brosaemvmeste/api/flair/?raw_json=1 HTTP/1.1" 200 24
2020-09-05 00:20:35,991 - Response: 200 (24 bytes)
2020-09-05 00:20:35,991 - updateAllBadges: updated Vrottenogi with 18 days in subreddit brosaemvmeste
2020-09-05 00:20:35,992 - Fetching: POST https://oauth.reddit.com/r/brosaemvmeste/api/flair/
2020-09-05 00:20:35,992 - Data: [('api_type', 'json'), ('css_class', 'badge'), ('name', 'SoNewbee'), ('text', '50 days')]
2020-09-05 00:20:35,992 - Params: {'raw_json': 1}
2020-09-05 00:20:36,157 - https://oauth.reddit.com:443 "POST /r/brosaemvmeste/api/flair/?raw_json=1 HTTP/1.1" 200 24
2020-09-05 00:20:36,158 - Response: 200 (24 bytes)
2020-09-05 00:20:36,158 - updateAllBadges: updated SoNewbee with 50 days in subreddit brosaemvmeste
2020-09-05 00:20:36,159 - Fetching: POST https://oauth.reddit.com/r/brosaemvmeste/api/flair/
2020-09-05 00:20:36,159 - Data: [('api_type', 'json'), ('css_class', 'badge'), ('name', 'ivlikas'), ('text', '9 days')]
2020-09-05 00:20:36,159 - Params: {'raw_json': 1}
2020-09-05 00:20:36,358 - https://oauth.reddit.com:443 "POST /r/brosaemvmeste/api/flair/?raw_json=1 HTTP/1.1" 200 24
2020-09-05 00:20:36,359 - Response: 200 (24 bytes)
2020-09-05 00:20:36,359 - updateAllBadges: updated ivlikas with 9 days in subreddit brosaemvmeste
2020-09-05 00:20:36,359 - Fetching: POST https://oauth.reddit.com/r/brosaemvmeste/api/flair/
2020-09-05 00:20:36,359 - Data: [('api_type', 'json'), ('css_class', 'badge'), ('name', '01tahmkench'), ('text', '15 days')]
2020-09-05 00:20:36,359 - Params: {'raw_json': 1}
2020-09-05 00:20:36,532 - https://oauth.reddit.com:443 "POST /r/brosaemvmeste/api/flair/?raw_json=1 HTTP/1.1" 200 24
2020-09-05 00:20:36,533 - Response: 200 (24 bytes)
2020-09-05 00:20:36,533 - updateAllBadges: updated 01tahmkench with 15 days in subreddit brosaemvmeste
2020-09-05 00:20:36,533 - Fetching: POST https://oauth.reddit.com/r/brosaemvmeste/api/flair/
2020-09-05 00:20:36,533 - Data: [('api_type', 'json'), ('css_class', 'badge'), ('name', 'BOTTLED-IN-BOND_12y'), ('text', '13 days')]
2020-09-05 00:20:36,533 - Params: {'raw_json': 1}
2020-09-05 00:20:36,698 - https://oauth.reddit.com:443 "POST /r/brosaemvmeste/api/flair/?raw_json=1 HTTP/1.1" 200 24
2020-09-05 00:20:36,699 - Response: 200 (24 bytes)
2020-09-05 00:20:36,699 - updateAllBadges: updated BOTTLED-IN-BOND_12y with 13 days in subreddit brosaemvmeste
2020-09-05 00:20:36,699 - Fetching: POST https://oauth.reddit.com/r/brosaemvmeste/api/flair/
2020-09-05 00:20:36,699 - Data: [('api_type', 'json'), ('css_class', 'badge'), ('name', 'abdulahmid'), ('text', '2 days')]
2020-09-05 00:20:36,699 - Params: {'raw_json': 1}
2020-09-05 00:20:36,939 - https://oauth.reddit.com:443 "POST /r/brosaemvmeste/api/flair/?raw_json=1 HTTP/1.1" 200 24
2020-09-05 00:20:36,940 - Response: 200 (24 bytes)
2020-09-05 00:20:36,940 - updateAllBadges: updated abdulahmid with 2 days in subreddit brosaemvmeste
2020-09-05 00:20:36,940 - Fetching: POST https://oauth.reddit.com/r/brosaemvmeste/api/flair/
2020-09-05 00:20:36,940 - Data: [('api_type', 'json'), ('css_class', 'badge'), ('name', 'Antonio7483'), ('text', '47 days')]
2020-09-05 00:20:36,940 - Params: {'raw_json': 1}
2020-09-05 00:20:37,121 - https://oauth.reddit.com:443 "POST /r/brosaemvmeste/api/flair/?raw_json=1 HTTP/1.1" 200 24
2020-09-05 00:20:37,123 - Response: 200 (24 bytes)
2020-09-05 00:20:37,123 - updateAllBadges: updated Antonio7483 with 47 days in subreddit brosaemvmeste
2020-09-05 00:20:37,123 - Updating badges for badgebot2
2020-09-05 00:20:37,124 - Updating badges for stopspeeding
2020-09-05 00:20:37,124 - Fetching: POST https://oauth.reddit.com/r/stopspeeding/api/flair/
2020-09-05 00:20:37,124 - Data: [('api_type', 'json'), ('css_class', 'badge'), ('name', 'StopSpeeding_Mod'), ('text', '224 days')]
2020-09-05 00:20:37,124 - Params: {'raw_json': 1}
2020-09-05 00:20:37,320 - https://oauth.reddit.com:443 "POST /r/stopspeeding/api/flair/?raw_json=1 HTTP/1.1" 200 24
2020-09-05 00:20:37,321 - Response: 200 (24 bytes)
2020-09-05 00:20:37,321 - updateAllBadges: updated StopSpeeding_Mod with 224 days in subreddit stopspeeding
2020-09-05 00:20:37,321 - Fetching: POST https://oauth.reddit.com/r/stopspeeding/api/flair/
2020-09-05 00:20:37,321 - Data: [('api_type', 'json'), ('css_class', 'badge'), ('name', 'goodgollie'), ('text', '101 days')]
2020-09-05 00:20:37,321 - Params: {'raw_json': 1}
2020-09-05 00:20:37,828 - https://oauth.reddit.com:443 "POST /r/stopspeeding/api/flair/?raw_json=1 HTTP/1.1" 200 24
2020-09-05 00:20:37,828 - Response: 200 (24 bytes)
2020-09-05 00:20:37,829 - updateAllBadges: updated goodgollie with 101 days in subreddit stopspeeding
2020-09-05 00:20:37,829 - Fetching: POST https://oauth.reddit.com/r/stopspeeding/api/flair/
2020-09-05 00:20:37,829 - Data: [('api_type', 'json'), ('css_class', 'badge'), ('name', 'therealwsdl'), ('text', '1316 days')]
2020-09-05 00:20:37,829 - Params: {'raw_json': 1}
2020-09-05 00:20:38,018 - https://oauth.reddit.com:443 "POST /r/stopspeeding/api/flair/?raw_json=1 HTTP/1.1" 200 24
2020-09-05 00:20:38,019 - Response: 200 (24 bytes)
2020-09-05 00:20:38,019 - updateAllBadges: updated therealwsdl with 1316 days in subreddit stopspeeding
2020-09-05 00:20:38,020 - Fetching: POST https://oauth.reddit.com/r/stopspeeding/api/flair/
2020-09-05 00:20:38,020 - Data: [('api_type', 'json'), ('css_class', 'badge'), ('name', 'bdeelin7'), ('text', '81 days')]
2020-09-05 00:20:38,020 - Params: {'raw_json': 1}
2020-09-05 00:20:38,229 - https://oauth.reddit.com:443 "POST /r/stopspeeding/api/flair/?raw_json=1 HTTP/1.1" 200 24
2020-09-05 00:20:38,230 - Response: 200 (24 bytes)
2020-09-05 00:20:38,230 - updateAllBadges: updated bdeelin7 with 81 days in subreddit stopspeeding
2020-09-05 00:20:38,231 - Fetching: POST https://oauth.reddit.com/r/stopspeeding/api/flair/
2020-09-05 00:20:38,231 - Data: [('api_type', 'json'), ('css_class', 'badge'), ('name', 'DicPlz971'), ('text', '9 days')]
2020-09-05 00:20:38,231 - Params: {'raw_json': 1}
2020-09-05 00:20:38,430 - https://oauth.reddit.com:443 "POST /r/stopspeeding/api/flair/?raw_json=1 HTTP/1.1" 200 24
2020-09-05 00:20:38,430 - Response: 200 (24 bytes)
2020-09-05 00:20:38,430 - updateAllBadges: updated DicPlz971 with 9 days in subreddit stopspeeding
2020-09-05 00:20:38,431 - Fetching: POST https://oauth.reddit.com/r/stopspeeding/api/flair/
2020-09-05 00:20:38,431 - Data: [('api_type', 'json'), ('css_class', 'badge'), ('name', 'Stay_Calm_Recover_On'), ('text', '84 days')]
2020-09-05 00:20:38,431 - Params: {'raw_json': 1}
2020-09-05 00:20:38,604 - https://oauth.reddit.com:443 "POST /r/stopspeeding/api/flair/?raw_json=1 HTTP/1.1" 200 24
2020-09-05 00:20:38,604 - Response: 200 (24 bytes)
2020-09-05 00:20:38,604 - updateAllBadges: updated Stay_Calm_Recover_On with 84 days in subreddit stopspeeding
2020-09-05 00:20:38,605 - Fetching: POST https://oauth.reddit.com/r/stopspeeding/api/flair/
2020-09-05 00:20:38,605 - Data: [('api_type', 'json'), ('css_class', 'badge'), ('name', 'boomtoasted302'), ('text', '21 days')]
2020-09-05 00:20:38,605 - Params: {'raw_json': 1}
2020-09-05 00:20:38,810 - https://oauth.reddit.com:443 "POST /r/stopspeeding/api/flair/?raw_json=1 HTTP/1.1" 200 24
2020-09-05 00:20:38,811 - Response: 200 (24 bytes)
2020-09-05 00:20:38,811 - updateAllBadges: updated boomtoasted302 with 21 days in subreddit stopspeeding
2020-09-05 00:20:38,811 - Fetching: POST https://oauth.reddit.com/r/stopspeeding/api/flair/
2020-09-05 00:20:38,811 - Data: [('api_type', 'json'), ('css_class', 'badge'), ('name', 'cup_1337'), ('text', '372 days')]
2020-09-05 00:20:38,811 - Params: {'raw_json': 1}
2020-09-05 00:20:39,002 - https://oauth.reddit.com:443 "POST /r/stopspeeding/api/flair/?raw_json=1 HTTP/1.1" 200 24
2020-09-05 00:20:39,003 - Response: 200 (24 bytes)
2020-09-05 00:20:39,003 - updateAllBadges: updated cup_1337 with 372 days in subreddit stopspeeding
2020-09-05 00:20:39,003 - Fetching: POST https://oauth.reddit.com/r/stopspeeding/api/flair/
2020-09-05 00:20:39,004 - Data: [('api_type', 'json'), ('css_class', 'badge'), ('name', 'speedyalt138'), ('text', '6 days')]
2020-09-05 00:20:39,004 - Params: {'raw_json': 1}
2020-09-05 00:20:39,171 - https://oauth.reddit.com:443 "POST /r/stopspeeding/api/flair/?raw_json=1 HTTP/1.1" 200 24
2020-09-05 00:20:39,172 - Response: 200 (24 bytes)
2020-09-05 00:20:39,172 - updateAllBadges: updated speedyalt138 with 6 days in subreddit stopspeeding
2020-09-05 00:20:39,172 - Fetching: POST https://oauth.reddit.com/r/stopspeeding/api/flair/
2020-09-05 00:20:39,172 - Data: [('api_type', 'json'), ('css_class', 'badge'), ('name', 'wellfexor'), ('text', '157 days')]
2020-09-05 00:20:39,172 - Params: {'raw_json': 1}
2020-09-05 00:20:39,352 - https://oauth.reddit.com:443 "POST /r/stopspeeding/api/flair/?raw_json=1 HTTP/1.1" 200 24
2020-09-05 00:20:39,353 - Response: 200 (24 bytes)
2020-09-05 00:20:39,353 - updateAllBadges: updated wellfexor with 157 days in subreddit stopspeeding
2020-09-05 00:20:39,353 - Fetching: POST https://oauth.reddit.com/r/stopspeeding/api/flair/
2020-09-05 00:20:39,353 - Data: [('api_type', 'json'), ('css_class', 'badge'), ('name', 'jbalplayr02'), ('text', '952 days')]
2020-09-05 00:20:39,353 - Params: {'raw_json': 1}
2020-09-05 00:20:39,530 - https://oauth.reddit.com:443 "POST /r/stopspeeding/api/flair/?raw_json=1 HTTP/1.1" 200 24
2020-09-05 00:20:39,531 - Response: 200 (24 bytes)
2020-09-05 00:20:39,531 - updateAllBadges: updated jbalplayr02 with 952 days in subreddit stopspeeding
2020-09-05 00:20:39,532 - Fetching: POST https://oauth.reddit.com/r/stopspeeding/api/flair/
2020-09-05 00:20:39,532 - Data: [('api_type', 'json'), ('css_class', 'badge'), ('name', 'aygyoza'), ('text', '766 days')]
2020-09-05 00:20:39,532 - Params: {'raw_json': 1}
2020-09-05 00:20:39,712 - https://oauth.reddit.com:443 "POST /r/stopspeeding/api/flair/?raw_json=1 HTTP/1.1" 200 24
2020-09-05 00:20:39,713 - Response: 200 (24 bytes)
2020-09-05 00:20:39,713 - updateAllBadges: updated aygyoza with 766 days in subreddit stopspeeding
2020-09-05 00:20:39,713 - Fetching: POST https://oauth.reddit.com/r/stopspeeding/api/flair/
2020-09-05 00:20:39,713 - Data: [('api_type', 'json'), ('css_class', 'badge'), ('name', 'huckingfoes'), ('text', '0 days')]
2020-09-05 00:20:39,713 - Params: {'raw_json': 1}
2020-09-05 00:20:39,714 - Sleeping: 0.50 seconds prior to call
2020-09-05 00:20:40,375 - https://oauth.reddit.com:443 "POST /r/stopspeeding/api/flair/?raw_json=1 HTTP/1.1" 200 24
2020-09-05 00:20:40,376 - Response: 200 (24 bytes)
2020-09-05 00:20:40,376 - updateAllBadges: updated huckingfoes with 0 days in subreddit stopspeeding
2020-09-05 00:21:40,378 - Fetching: GET https://oauth.reddit.com/message/unread/
2020-09-05 00:21:40,378 - Data: None
2020-09-05 00:21:40,378 - Params: {'mark': False, 'limit': 1024, 'raw_json': 1}
2020-09-05 00:21:40,516 - https://oauth.reddit.com:443 "GET /message/unread/?mark=False&limit=1024&raw_json=1 HTTP/1.1" 200 763
2020-09-05 00:21:40,516 - Response: 200 (763 bytes)
2020-09-05 00:21:40,517 - Fetching: GET https://oauth.reddit.com/message/unread/
2020-09-05 00:21:40,517 - Data: None
2020-09-05 00:21:40,517 - Params: {'mark': False, 'limit': 1024, 'raw_json': 1}
2020-09-05 00:21:40,621 - https://oauth.reddit.com:443 "GET /message/unread/?mark=False&limit=1024&raw_json=1 HTTP/1.1" 200 763
2020-09-05 00:21:40,622 - Response: 200 (763 bytes)
2020-09-05 00:21:40,622 - New message from huckingfoes
 subject: stopspeeding 
 body: reset 
2020-09-05 00:21:40,624 - Checking valid message
2020-09-05 00:21:40,624 - Unknown string format: reset
2020-09-05 00:21:40,625 - Reset message okay!
2020-09-05 00:21:40,625 - New valid message from: huckingfoes
2020-09-05 00:21:40,625 - New badge request... giving badge.
2020-09-05 00:21:40,626 - Fetching: POST https://oauth.reddit.com/r/stopspeeding/api/flair/
2020-09-05 00:21:40,626 - Data: [('api_type', 'json'), ('css_class', 'badge'), ('name', 'huckingfoes'), ('text', '0 days')]
2020-09-05 00:21:40,626 - Params: {'raw_json': 1}
2020-09-05 00:21:40,854 - https://oauth.reddit.com:443 "POST /r/stopspeeding/api/flair/?raw_json=1 HTTP/1.1" 200 24
2020-09-05 00:21:40,856 - Response: 200 (24 bytes)
2020-09-05 00:21:40,856 - Fetching: POST https://oauth.reddit.com/api/read_message/
2020-09-05 00:21:40,856 - Data: [('api_type', 'json'), ('id', 't4_rff8qn')]
2020-09-05 00:21:40,856 - Params: {'raw_json': 1}
2020-09-05 00:21:41,031 - https://oauth.reddit.com:443 "POST /api/read_message/?raw_json=1 HTTP/1.1" 200 2
2020-09-05 00:21:41,032 - Response: 200 (2 bytes)
2020-09-05 00:21:41,032 - Fetching: POST https://oauth.reddit.com/api/comment/
2020-09-05 00:21:41,032 - Data: [('api_type', 'json'), ('text', 'Request honored. Your badge has been updated.'), ('thing_id', 't4_rff8qn')]
2020-09-05 00:21:41,033 - Params: {'raw_json': 1}
2020-09-05 00:21:41,292 - https://oauth.reddit.com:443 "POST /api/comment/?raw_json=1 HTTP/1.1" 200 436
2020-09-05 00:21:41,293 - Response: 200 (436 bytes)
2020-09-05 00:26:27,424 - 00:26:27 Checking messages.
2020-09-05 00:26:29,696 - Updating all badges.
2020-09-05 00:26:29,699 - Updating badges for schmeedafam
2020-09-05 00:26:29,700 - Updating badges for guardiansofchastity
2020-09-05 00:26:29,871 - updateAllBadges: updated queenofscruples with 28 days in subreddit guardiansofchastity
2020-09-05 00:26:30,042 - updateAllBadges: updated Fierce_Zebra_1 with 5 days in subreddit guardiansofchastity
2020-09-05 00:26:30,194 - updateAllBadges: updated curioustxn25 with 110 days in subreddit guardiansofchastity
2020-09-05 00:26:30,376 - updateAllBadges: updated ashlanlions with 118 days in subreddit guardiansofchastity
2020-09-05 00:26:30,539 - updateAllBadges: updated herky17 with 63 days in subreddit guardiansofchastity
2020-09-05 00:26:30,539 - Updating badges for brosaemvmeste
2020-09-05 00:26:30,753 - updateAllBadges: updated fraud_2001 with 96 days in subreddit brosaemvmeste
2020-09-05 00:26:30,958 - updateAllBadges: updated Paranoyaa with 11 days in subreddit brosaemvmeste
2020-09-05 00:26:31,118 - updateAllBadges: updated postman100500 with 26 days in subreddit brosaemvmeste
2020-09-05 00:26:31,841 - updateAllBadges: updated DebiDalas with 6 days in subreddit brosaemvmeste
2020-09-05 00:26:32,004 - updateAllBadges: updated 6o6pgo6p with 5 days in subreddit brosaemvmeste
2020-09-05 00:26:32,178 - updateAllBadges: updated paulblind with 377 days in subreddit brosaemvmeste
2020-09-05 00:26:32,338 - updateAllBadges: updated hen_and_rabbit with 57 days in subreddit brosaemvmeste
2020-09-05 00:26:32,543 - updateAllBadges: updated vitckor with 97 days in subreddit brosaemvmeste
2020-09-05 00:26:32,697 - updateAllBadges: updated ZigZagNN with 23 days in subreddit brosaemvmeste
2020-09-05 00:26:32,851 - updateAllBadges: updated jericho1403 with 4 days in subreddit brosaemvmeste
2020-09-05 00:26:33,035 - updateAllBadges: updated ArisSson with 6 days in subreddit brosaemvmeste
2020-09-05 00:26:33,211 - updateAllBadges: updated 10TM with 6 days in subreddit brosaemvmeste
2020-09-05 00:26:33,419 - updateAllBadges: updated Skidle95 with 106 days in subreddit brosaemvmeste
2020-09-05 00:26:33,563 - updateAllBadges: updated Trjam with 9 days in subreddit brosaemvmeste
2020-09-05 00:26:33,788 - updateAllBadges: updated Vrottenogi with 18 days in subreddit brosaemvmeste
2020-09-05 00:26:34,434 - updateAllBadges: updated SoNewbee with 50 days in subreddit brosaemvmeste
2020-09-05 00:26:34,602 - updateAllBadges: updated ivlikas with 9 days in subreddit brosaemvmeste
2020-09-05 00:26:34,758 - updateAllBadges: updated 01tahmkench with 15 days in subreddit brosaemvmeste
2020-09-05 00:26:35,868 - updateAllBadges: updated BOTTLED-IN-BOND_12y with 13 days in subreddit brosaemvmeste
2020-09-05 00:26:36,045 - updateAllBadges: updated abdulahmid with 2 days in subreddit brosaemvmeste
2020-09-05 00:26:36,211 - updateAllBadges: updated Antonio7483 with 47 days in subreddit brosaemvmeste
2020-09-05 00:26:36,211 - Updating badges for badgebot2
2020-09-05 00:26:36,212 - Updating badges for stopspeeding
2020-09-05 00:26:36,546 - updateAllBadges: updated StopSpeeding_Mod with 224 days in subreddit stopspeeding
2020-09-05 00:26:36,911 - updateAllBadges: updated goodgollie with 101 days in subreddit stopspeeding
2020-09-05 00:26:37,073 - updateAllBadges: updated therealwsdl with 1316 days in subreddit stopspeeding
2020-09-05 00:26:37,504 - updateAllBadges: updated bdeelin7 with 81 days in subreddit stopspeeding
2020-09-05 00:26:37,679 - updateAllBadges: updated DicPlz971 with 9 days in subreddit stopspeeding
2020-09-05 00:26:37,891 - updateAllBadges: updated Stay_Calm_Recover_On with 84 days in subreddit stopspeeding
2020-09-05 00:26:38,050 - updateAllBadges: updated boomtoasted302 with 21 days in subreddit stopspeeding
2020-09-05 00:26:38,227 - updateAllBadges: updated cup_1337 with 372 days in subreddit stopspeeding
2020-09-05 00:26:38,387 - updateAllBadges: updated speedyalt138 with 6 days in subreddit stopspeeding
2020-09-05 00:26:38,634 - updateAllBadges: updated wellfexor with 157 days in subreddit stopspeeding
2020-09-05 00:26:38,817 - updateAllBadges: updated jbalplayr02 with 952 days in subreddit stopspeeding
2020-09-05 00:26:38,986 - updateAllBadges: updated aygyoza with 766 days in subreddit stopspeeding
2020-09-05 00:26:39,143 - updateAllBadges: updated huckingfoes with 0 days in subreddit stopspeeding
2020-09-05 00:27:41,070 - New message from huckingfoes
 subject: stopspeeding 
 body: remove 
2020-09-05 00:27:41,072 - New valid message from: huckingfoes
2020-09-05 00:27:41,073 - Unknown string format: remove
2020-09-05 00:27:41,073 - Trying to remove, user is in db: huckingfoes
2020-09-05 00:27:41,075 - removeFromDatabase(): Removed huckingfoes from stopspeeding
2020-09-05 00:27:41,076 - Removed huckingfoes from stopspeeding
2020-09-05 00:27:41,937 - Replied to remove request.
2020-09-05 00:27:41,937 - New message from huckingfoes
 subject: stopspeeding 
 body: reset 
2020-09-05 00:27:41,938 - New valid message from: huckingfoes
2020-09-05 00:27:41,938 - New badge request... giving badge.
2020-09-05 00:28:43,240 - New message from huckingfoes
 subject: stopspeeding 
 body: **bb**reset 
2020-09-05 00:28:43,242 - Unknown string format: **bb**reset
2020-09-05 00:28:43,242 - Hello huckingfoes, your message is invalid: 
 StopSpeeding 
 **bb**reset
2020-09-05 00:28:43,479 - Sent reply: Hello huckingfoes, your message is invalid: 
 StopSpeeding 
 **bb**reset
2020-09-05 00:30:31,500 - 00:30:31 Checking messages.
2020-09-05 00:30:32,259 - Updating all badges.
2020-09-05 00:30:32,259 - Updating badges for schmeedafam
2020-09-05 00:30:32,260 - Updating badges for guardiansofchastity
2020-09-05 00:30:32,495 - updateAllBadges: updated queenofscruples with 28 days in subreddit guardiansofchastity
2020-09-05 00:30:32,659 - updateAllBadges: updated Fierce_Zebra_1 with 5 days in subreddit guardiansofchastity
2020-09-05 00:30:32,846 - updateAllBadges: updated curioustxn25 with 110 days in subreddit guardiansofchastity
2020-09-05 00:30:33,053 - updateAllBadges: updated ashlanlions with 118 days in subreddit guardiansofchastity
2020-09-05 00:30:33,209 - updateAllBadges: updated herky17 with 63 days in subreddit guardiansofchastity
2020-09-05 00:30:33,210 - Updating badges for brosaemvmeste
2020-09-05 00:30:33,380 - updateAllBadges: updated fraud_2001 with 96 days in subreddit brosaemvmeste
2020-09-05 00:30:33,541 - updateAllBadges: updated Paranoyaa with 11 days in subreddit brosaemvmeste
2020-09-05 00:30:34,704 - updateAllBadges: updated postman100500 with 26 days in subreddit brosaemvmeste
2020-09-05 00:30:34,863 - updateAllBadges: updated DebiDalas with 6 days in subreddit brosaemvmeste
2020-09-05 00:30:35,032 - updateAllBadges: updated 6o6pgo6p with 5 days in subreddit brosaemvmeste
2020-09-05 00:30:35,195 - updateAllBadges: updated paulblind with 377 days in subreddit brosaemvmeste
2020-09-05 00:30:35,493 - updateAllBadges: updated hen_and_rabbit with 57 days in subreddit brosaemvmeste
2020-09-05 00:30:35,646 - updateAllBadges: updated vitckor with 97 days in subreddit brosaemvmeste
2020-09-05 00:30:35,816 - updateAllBadges: updated ZigZagNN with 23 days in subreddit brosaemvmeste
2020-09-05 00:30:35,966 - updateAllBadges: updated jericho1403 with 4 days in subreddit brosaemvmeste
2020-09-05 00:30:36,120 - updateAllBadges: updated ArisSson with 6 days in subreddit brosaemvmeste
2020-09-05 00:30:36,384 - updateAllBadges: updated 10TM with 6 days in subreddit brosaemvmeste
2020-09-05 00:30:36,898 - updateAllBadges: updated Skidle95 with 106 days in subreddit brosaemvmeste
2020-09-05 00:30:37,048 - updateAllBadges: updated Trjam with 9 days in subreddit brosaemvmeste
2020-09-05 00:30:37,272 - updateAllBadges: updated Vrottenogi with 18 days in subreddit brosaemvmeste
2020-09-05 00:30:37,428 - updateAllBadges: updated SoNewbee with 50 days in subreddit brosaemvmeste
2020-09-05 00:30:37,580 - updateAllBadges: updated ivlikas with 9 days in subreddit brosaemvmeste
2020-09-05 00:30:38,055 - updateAllBadges: updated 01tahmkench with 15 days in subreddit brosaemvmeste
2020-09-05 00:30:38,213 - updateAllBadges: updated BOTTLED-IN-BOND_12y with 13 days in subreddit brosaemvmeste
2020-09-05 00:30:38,376 - updateAllBadges: updated abdulahmid with 2 days in subreddit brosaemvmeste
2020-09-05 00:30:38,569 - updateAllBadges: updated Antonio7483 with 47 days in subreddit brosaemvmeste
2020-09-05 00:30:38,569 - Updating badges for badgebot2
2020-09-05 00:30:38,570 - Updating badges for stopspeeding
2020-09-05 00:30:38,770 - updateAllBadges: updated StopSpeeding_Mod with 224 days in subreddit stopspeeding
2020-09-05 00:30:38,926 - updateAllBadges: updated goodgollie with 101 days in subreddit stopspeeding
2020-09-05 00:30:39,089 - updateAllBadges: updated therealwsdl with 1316 days in subreddit stopspeeding
2020-09-05 00:30:39,273 - updateAllBadges: updated bdeelin7 with 81 days in subreddit stopspeeding
2020-09-05 00:30:39,426 - updateAllBadges: updated DicPlz971 with 9 days in subreddit stopspeeding
2020-09-05 00:30:39,607 - updateAllBadges: updated Stay_Calm_Recover_On with 84 days in subreddit stopspeeding
2020-09-05 00:30:39,815 - updateAllBadges: updated boomtoasted302 with 21 days in subreddit stopspeeding
2020-09-05 00:30:40,029 - updateAllBadges: updated cup_1337 with 372 days in subreddit stopspeeding
2020-09-05 00:30:40,191 - updateAllBadges: updated speedyalt138 with 6 days in subreddit stopspeeding
2020-09-05 00:30:40,425 - updateAllBadges: updated wellfexor with 157 days in subreddit stopspeeding
2020-09-05 00:30:40,644 - updateAllBadges: updated jbalplayr02 with 952 days in subreddit stopspeeding
2020-09-05 00:30:40,810 - updateAllBadges: updated aygyoza with 766 days in subreddit stopspeeding
2020-09-05 00:30:40,968 - updateAllBadges: updated huckingfoes with 0 days in subreddit stopspeeding
2020-09-05 00:31:41,265 - New message from huckingfoes
 subject: stopspeeding 
 body: re****set 
2020-09-05 00:31:41,267 - Unknown string format: re****set
2020-09-05 00:31:41,267 - Hello huckingfoes, your message is invalid: 
 StopSpeeding 
 re****set
2020-09-05 00:31:41,505 - Sent reply: Hello huckingfoes, your message is invalid: 
 StopSpeeding 
 re****set
2020-09-05 00:31:41,616 - New message from huckingfoes
 subject: stopspeeding 
 body: reset 
2020-09-05 00:31:41,617 - New badge request... giving badge.
2020-09-05 00:34:43,050 - New message from huckingfoes
 subject: stopspeeding 
 body: reset 
2020-09-05 00:34:43,051 - New badge request... giving badge.
2020-09-05 00:35:43,585 - 00:35:43 Checking messages.
2020-09-05 00:35:43,858 - New message from huckingfoes
 subject: stopspeeding 
 body: remove 
2020-09-05 00:35:43,859 - Unknown string format: remove
2020-09-05 00:35:43,859 - Trying to remove, user is in db: huckingfoes
2020-09-05 00:35:43,861 - removeFromDatabase(): Removed huckingfoes from stopspeeding
2020-09-05 00:35:43,861 - Removed huckingfoes from stopspeeding
2020-09-05 00:35:44,481 - Replied to remove request.
2020-09-08 00:35:12,116 - 00:35:12 Checking messages.
2020-09-08 00:35:23,134 - 00:35:23 Checking messages.
2020-09-08 01:21:17,878 - Oh we had to remove a r/ from r/guardiansofchastity to guardiansofchastity
2020-09-08 01:21:17,879 - New message from Fierce_Zebra_1
 subject: guardiansofchastity 
 body: reset 
2020-09-08 01:21:17,880 - Oh we had to remove a r/ from r/guardiansofchastity to guardiansofchastity
2020-09-08 01:21:17,881 - New badge request... giving badge.
2020-09-08 03:14:32,826 - Retrying due to ReadTimeout(ReadTimeoutError("HTTPSConnectionPool(host='oauth.reddit.com', port=443): Read timed out. (read timeout=16)")) status: GET https://oauth.reddit.com/message/unread/
2020-09-08 04:14:21,779 - Updating badges for schmeedafam
2020-09-08 04:14:21,780 - Updating badges for guardiansofchastity
2020-09-08 04:14:21,948 - updateAllBadges: updated queenofscruples with 31 days in subreddit guardiansofchastity
2020-09-08 04:14:22,143 - updateAllBadges: updated Fierce_Zebra_1 with 0 days in subreddit guardiansofchastity
2020-09-08 04:14:22,312 - updateAllBadges: updated curioustxn25 with 113 days in subreddit guardiansofchastity
2020-09-08 04:14:22,491 - updateAllBadges: updated ashlanlions with 121 days in subreddit guardiansofchastity
2020-09-08 04:14:22,681 - updateAllBadges: updated herky17 with 66 days in subreddit guardiansofchastity
2020-09-08 04:14:22,682 - Updating badges for brosaemvmeste
2020-09-08 04:14:22,866 - updateAllBadges: updated fraud_2001 with 99 days in subreddit brosaemvmeste
2020-09-08 04:14:23,031 - updateAllBadges: updated Paranoyaa with 14 days in subreddit brosaemvmeste
2020-09-08 04:14:23,217 - updateAllBadges: updated postman100500 with 29 days in subreddit brosaemvmeste
2020-09-08 04:14:23,356 - updateAllBadges: updated DebiDalas with 9 days in subreddit brosaemvmeste
2020-09-08 04:14:23,507 - updateAllBadges: updated 6o6pgo6p with 8 days in subreddit brosaemvmeste
2020-09-08 04:14:23,764 - updateAllBadges: updated paulblind with 380 days in subreddit brosaemvmeste
2020-09-08 04:14:24,045 - updateAllBadges: updated hen_and_rabbit with 60 days in subreddit brosaemvmeste
2020-09-08 04:14:24,297 - updateAllBadges: updated vitckor with 100 days in subreddit brosaemvmeste
2020-09-08 04:14:24,479 - updateAllBadges: updated ZigZagNN with 1 days in subreddit brosaemvmeste
2020-09-08 04:14:24,667 - updateAllBadges: updated jericho1403 with 7 days in subreddit brosaemvmeste
2020-09-08 04:14:24,861 - updateAllBadges: updated ArisSson with 9 days in subreddit brosaemvmeste
2020-09-08 04:14:25,201 - updateAllBadges: updated 10TM with 9 days in subreddit brosaemvmeste
2020-09-08 04:14:25,533 - updateAllBadges: updated Skidle95 with 109 days in subreddit brosaemvmeste
2020-09-08 04:14:25,713 - updateAllBadges: updated Trjam with 12 days in subreddit brosaemvmeste
2020-09-08 04:14:25,894 - updateAllBadges: updated Vrottenogi with 21 days in subreddit brosaemvmeste
2020-09-08 04:14:26,403 - updateAllBadges: updated SoNewbee with 53 days in subreddit brosaemvmeste
2020-09-08 04:14:26,585 - updateAllBadges: updated ivlikas with 12 days in subreddit brosaemvmeste
2020-09-08 04:14:26,790 - updateAllBadges: updated 01tahmkench with 18 days in subreddit brosaemvmeste
2020-09-08 04:14:26,950 - updateAllBadges: updated BOTTLED-IN-BOND_12y with 16 days in subreddit brosaemvmeste
2020-09-08 04:14:28,096 - updateAllBadges: updated abdulahmid with 5 days in subreddit brosaemvmeste
2020-09-08 04:14:28,307 - updateAllBadges: updated Antonio7483 with 50 days in subreddit brosaemvmeste
2020-09-08 04:14:28,474 - updateAllBadges: updated koskas1985 with 80 days in subreddit brosaemvmeste
2020-09-08 04:14:28,639 - updateAllBadges: updated vitckor with 7 days in subreddit brosaemvmeste
2020-09-08 04:14:28,895 - updateAllBadges: updated rus110 with 4 days in subreddit brosaemvmeste
2020-09-08 04:14:28,895 - Updating badges for badgebot2
2020-09-08 04:14:28,896 - Updating badges for stopspeeding
2020-09-08 04:14:29,080 - updateAllBadges: updated StopSpeeding_Mod with 227 days in subreddit stopspeeding
2020-09-08 04:14:29,290 - updateAllBadges: updated goodgollie with 104 days in subreddit stopspeeding
2020-09-08 04:14:29,464 - updateAllBadges: updated therealwsdl with 1319 days in subreddit stopspeeding
2020-09-08 04:14:29,729 - updateAllBadges: updated bdeelin7 with 84 days in subreddit stopspeeding
2020-09-08 04:14:29,958 - updateAllBadges: updated DicPlz971 with 12 days in subreddit stopspeeding
2020-09-08 04:14:30,164 - updateAllBadges: updated Stay_Calm_Recover_On with 87 days in subreddit stopspeeding
2020-09-08 04:14:30,356 - updateAllBadges: updated boomtoasted302 with 24 days in subreddit stopspeeding
2020-09-08 04:14:30,665 - updateAllBadges: updated speedyalt138 with 9 days in subreddit stopspeeding
2020-09-08 04:14:31,409 - updateAllBadges: updated wellfexor with 160 days in subreddit stopspeeding
2020-09-08 04:14:31,607 - updateAllBadges: updated jbalplayr02 with 955 days in subreddit stopspeeding
2020-09-08 04:14:31,767 - updateAllBadges: updated aygyoza with 769 days in subreddit stopspeeding
2020-09-08 04:14:32,453 - updateAllBadges: updated PinkTrench with 329 days in subreddit stopspeeding
2020-09-08 04:14:32,625 - updateAllBadges: updated Lazo- with 61 days in subreddit stopspeeding
2020-09-08 07:06:26,272 - Updating badges for schmeedafam
2020-09-08 07:06:26,273 - Updating badges for guardiansofchastity
2020-09-08 07:06:26,903 - updateAllBadges: updated queenofscruples with 31 days in subreddit guardiansofchastity
2020-09-08 07:06:27,057 - updateAllBadges: updated Fierce_Zebra_1 with 0 days in subreddit guardiansofchastity
2020-09-08 07:06:27,202 - updateAllBadges: updated curioustxn25 with 113 days in subreddit guardiansofchastity
2020-09-08 07:06:27,395 - updateAllBadges: updated ashlanlions with 121 days in subreddit guardiansofchastity
2020-09-08 07:06:27,563 - updateAllBadges: updated herky17 with 66 days in subreddit guardiansofchastity
2020-09-08 07:06:27,564 - Updating badges for brosaemvmeste
2020-09-08 07:06:27,824 - updateAllBadges: updated fraud_2001 with 99 days in subreddit brosaemvmeste
2020-09-08 07:06:29,012 - updateAllBadges: updated Paranoyaa with 14 days in subreddit brosaemvmeste
2020-09-08 07:06:29,176 - updateAllBadges: updated postman100500 with 29 days in subreddit brosaemvmeste
2020-09-08 07:06:29,348 - updateAllBadges: updated DebiDalas with 9 days in subreddit brosaemvmeste
2020-09-08 07:06:29,528 - updateAllBadges: updated 6o6pgo6p with 8 days in subreddit brosaemvmeste
2020-09-08 07:06:29,723 - updateAllBadges: updated paulblind with 380 days in subreddit brosaemvmeste
2020-09-08 07:06:29,880 - updateAllBadges: updated hen_and_rabbit with 60 days in subreddit brosaemvmeste
2020-09-08 07:06:30,114 - updateAllBadges: updated vitckor with 100 days in subreddit brosaemvmeste
2020-09-08 07:06:30,303 - updateAllBadges: updated ZigZagNN with 1 days in subreddit brosaemvmeste
2020-09-08 07:06:30,460 - updateAllBadges: updated jericho1403 with 7 days in subreddit brosaemvmeste
2020-09-08 07:06:30,711 - updateAllBadges: updated ArisSson with 9 days in subreddit brosaemvmeste
2020-09-08 07:06:30,882 - updateAllBadges: updated 10TM with 9 days in subreddit brosaemvmeste
2020-09-08 07:06:31,037 - updateAllBadges: updated Skidle95 with 109 days in subreddit brosaemvmeste
2020-09-08 07:06:32,210 - updateAllBadges: updated Trjam with 12 days in subreddit brosaemvmeste
2020-09-08 07:06:32,413 - updateAllBadges: updated Vrottenogi with 21 days in subreddit brosaemvmeste
2020-09-08 07:06:32,561 - updateAllBadges: updated SoNewbee with 53 days in subreddit brosaemvmeste
2020-09-08 07:06:32,712 - updateAllBadges: updated ivlikas with 12 days in subreddit brosaemvmeste
2020-09-08 07:06:32,868 - updateAllBadges: updated 01tahmkench with 18 days in subreddit brosaemvmeste
2020-09-08 07:06:33,047 - updateAllBadges: updated BOTTLED-IN-BOND_12y with 16 days in subreddit brosaemvmeste
2020-09-08 07:06:33,208 - updateAllBadges: updated abdulahmid with 5 days in subreddit brosaemvmeste
2020-09-08 07:06:33,366 - updateAllBadges: updated Antonio7483 with 50 days in subreddit brosaemvmeste
2020-09-08 07:06:33,524 - updateAllBadges: updated koskas1985 with 80 days in subreddit brosaemvmeste
2020-09-08 07:06:33,698 - updateAllBadges: updated vitckor with 7 days in subreddit brosaemvmeste
2020-09-08 07:06:33,853 - updateAllBadges: updated rus110 with 4 days in subreddit brosaemvmeste
2020-09-08 07:06:33,853 - Updating badges for badgebot2
2020-09-08 07:06:33,854 - Updating badges for stopspeeding
2020-09-08 07:06:34,015 - updateAllBadges: updated StopSpeeding_Mod with 227 days in subreddit stopspeeding
2020-09-08 07:06:34,164 - updateAllBadges: updated goodgollie with 104 days in subreddit stopspeeding
2020-09-08 07:06:34,362 - updateAllBadges: updated therealwsdl with 1319 days in subreddit stopspeeding
2020-09-08 07:06:34,540 - updateAllBadges: updated bdeelin7 with 84 days in subreddit stopspeeding
2020-09-08 07:06:34,723 - updateAllBadges: updated DicPlz971 with 12 days in subreddit stopspeeding
2020-09-08 07:06:34,898 - updateAllBadges: updated Stay_Calm_Recover_On with 87 days in subreddit stopspeeding
2020-09-08 07:06:35,104 - updateAllBadges: updated boomtoasted302 with 24 days in subreddit stopspeeding
2020-09-08 07:06:35,254 - updateAllBadges: updated speedyalt138 with 9 days in subreddit stopspeeding
2020-09-08 07:06:35,423 - updateAllBadges: updated wellfexor with 160 days in subreddit stopspeeding
2020-09-08 07:06:35,627 - updateAllBadges: updated jbalplayr02 with 955 days in subreddit stopspeeding
2020-09-08 07:06:35,835 - updateAllBadges: updated aygyoza with 769 days in subreddit stopspeeding
2020-09-08 07:06:37,009 - updateAllBadges: updated PinkTrench with 329 days in subreddit stopspeeding
2020-09-08 07:06:37,531 - updateAllBadges: updated Lazo- with 61 days in subreddit stopspeeding
2020-09-08 10:01:16,495 - Updating badges for schmeedafam
2020-09-08 10:01:16,496 - Updating badges for guardiansofchastity
2020-09-08 10:01:16,704 - updateAllBadges: updated queenofscruples with 31 days in subreddit guardiansofchastity
2020-09-08 10:01:16,901 - updateAllBadges: updated Fierce_Zebra_1 with 0 days in subreddit guardiansofchastity
2020-09-08 10:01:17,063 - updateAllBadges: updated curioustxn25 with 113 days in subreddit guardiansofchastity
2020-09-08 10:01:17,247 - updateAllBadges: updated ashlanlions with 121 days in subreddit guardiansofchastity
2020-09-08 10:01:17,430 - updateAllBadges: updated herky17 with 66 days in subreddit guardiansofchastity
2020-09-08 10:01:17,430 - Updating badges for brosaemvmeste
2020-09-08 10:01:17,718 - updateAllBadges: updated fraud_2001 with 99 days in subreddit brosaemvmeste
2020-09-08 10:01:18,947 - updateAllBadges: updated Paranoyaa with 14 days in subreddit brosaemvmeste
2020-09-08 10:01:19,117 - updateAllBadges: updated postman100500 with 29 days in subreddit brosaemvmeste
2020-09-08 10:01:19,313 - updateAllBadges: updated DebiDalas with 9 days in subreddit brosaemvmeste
2020-09-08 10:01:19,482 - updateAllBadges: updated 6o6pgo6p with 8 days in subreddit brosaemvmeste
2020-09-08 10:01:19,712 - updateAllBadges: updated paulblind with 380 days in subreddit brosaemvmeste
2020-09-08 10:01:19,890 - updateAllBadges: updated hen_and_rabbit with 60 days in subreddit brosaemvmeste
2020-09-08 10:01:20,099 - updateAllBadges: updated vitckor with 100 days in subreddit brosaemvmeste
2020-09-08 10:01:20,283 - updateAllBadges: updated ZigZagNN with 1 days in subreddit brosaemvmeste
2020-09-08 10:01:20,464 - updateAllBadges: updated jericho1403 with 7 days in subreddit brosaemvmeste
2020-09-08 10:01:20,790 - updateAllBadges: updated ArisSson with 9 days in subreddit brosaemvmeste
2020-09-08 10:01:20,988 - updateAllBadges: updated 10TM with 9 days in subreddit brosaemvmeste
2020-09-08 10:01:21,609 - updateAllBadges: updated Skidle95 with 109 days in subreddit brosaemvmeste
2020-09-08 10:01:21,917 - updateAllBadges: updated Trjam with 12 days in subreddit brosaemvmeste
2020-09-08 10:01:22,083 - updateAllBadges: updated Vrottenogi with 21 days in subreddit brosaemvmeste
2020-09-08 10:01:22,255 - updateAllBadges: updated SoNewbee with 53 days in subreddit brosaemvmeste
2020-09-08 10:01:22,435 - updateAllBadges: updated ivlikas with 12 days in subreddit brosaemvmeste
2020-09-08 10:01:22,631 - updateAllBadges: updated 01tahmkench with 18 days in subreddit brosaemvmeste
2020-09-08 10:01:22,797 - updateAllBadges: updated BOTTLED-IN-BOND_12y with 16 days in subreddit brosaemvmeste
2020-09-08 10:01:22,966 - updateAllBadges: updated abdulahmid with 5 days in subreddit brosaemvmeste
2020-09-08 10:01:23,122 - updateAllBadges: updated Antonio7483 with 50 days in subreddit brosaemvmeste
2020-09-08 10:01:23,292 - updateAllBadges: updated koskas1985 with 80 days in subreddit brosaemvmeste
2020-09-08 10:01:23,510 - updateAllBadges: updated vitckor with 7 days in subreddit brosaemvmeste
2020-09-08 10:01:23,673 - updateAllBadges: updated rus110 with 4 days in subreddit brosaemvmeste
2020-09-08 10:01:23,674 - Updating badges for badgebot2
2020-09-08 10:01:23,675 - Updating badges for stopspeeding
2020-09-08 10:01:23,848 - updateAllBadges: updated StopSpeeding_Mod with 227 days in subreddit stopspeeding
2020-09-08 10:01:24,032 - updateAllBadges: updated goodgollie with 104 days in subreddit stopspeeding
2020-09-08 10:01:24,221 - updateAllBadges: updated therealwsdl with 1319 days in subreddit stopspeeding
2020-09-08 10:01:24,406 - updateAllBadges: updated bdeelin7 with 84 days in subreddit stopspeeding
2020-09-08 10:01:24,756 - updateAllBadges: updated DicPlz971 with 12 days in subreddit stopspeeding
2020-09-08 10:01:25,091 - updateAllBadges: updated Stay_Calm_Recover_On with 87 days in subreddit stopspeeding
2020-09-08 10:01:25,293 - updateAllBadges: updated boomtoasted302 with 24 days in subreddit stopspeeding
2020-09-08 10:01:26,532 - updateAllBadges: updated speedyalt138 with 9 days in subreddit stopspeeding
2020-09-08 10:01:26,698 - updateAllBadges: updated wellfexor with 160 days in subreddit stopspeeding
2020-09-08 10:01:26,873 - updateAllBadges: updated jbalplayr02 with 955 days in subreddit stopspeeding
2020-09-08 10:01:27,115 - updateAllBadges: updated aygyoza with 769 days in subreddit stopspeeding
2020-09-08 10:01:27,315 - updateAllBadges: updated PinkTrench with 329 days in subreddit stopspeeding
2020-09-08 10:01:27,494 - updateAllBadges: updated Lazo- with 61 days in subreddit stopspeeding
2020-09-08 10:41:11,730 - New message from DonaldDonut666
 subject: yoursubreddit 
 body: reset 
2020-09-08 10:41:12,103 - Your subreddit is not in our database. Message your moderators or please invite u/badge-bot to moderate with flair permissions. If this is an error, contact u/huckingfoes by PM.
2020-09-08 10:56:31,841 - Found invite to: crazymiddles
2020-09-08 10:56:32,571 - Accepted mod invite!
2020-09-08 10:56:32,903 - 	Replied: Thanks for the invite! I can now provide badges to your subreddit crazymiddles
							so long as I have flair permissions at least.
							[Check my userpage here](https://www.reddit.com/user/badge-bot/comments/ik7v4y/badgebot_alpha_version_now_available/)
							for more info on configuring badge-bot on your subreddit.
							For any issues, please contact u/huckingfoes.
							
2020-09-08 10:56:32,903 - 	Creating new table for subreddit: crazymiddles
2020-09-08 10:56:32,903 - adSubreddit(): Trying to add subreddit:crazymiddles
2020-09-08 10:56:32,906 - Created table: crazymiddles
2020-09-08 10:56:32,906 - adSubreddit(): Table doesn't exist... creating: crazymiddles
2020-09-08 10:56:32,906 - Subreddit added to db.
2020-09-08 12:26:48,449 - Oh we had to remove a r/ from r/ crazymiddles to  crazymiddles
2020-09-08 12:26:48,450 - New message from DonaldDonut666
 subject:  crazymiddles 
 body: 2020/09/08 
2020-09-08 12:26:49,058 - Your subreddit is not in our database. Message your moderators or please invite u/badge-bot to moderate with flair permissions. If this is an error, contact u/huckingfoes by PM.
2020-09-08 12:28:15,949 - Oh we had to remove a r/ from re: r/ crazymiddles to re:  crazymiddles
2020-09-08 12:28:15,950 - New message from DonaldDonut666
 subject: re:  crazymiddles 
 body: hi, i just invited the badge mod to my sub and im not sure what is happening, is there an error? can someone please assist me? 
2020-09-08 12:28:16,462 - Your subreddit is not in our database. Message your moderators or please invite u/badge-bot to moderate with flair permissions. If this is an error, contact u/huckingfoes by PM.
2020-09-08 12:44:19,880 - Oh we had to remove a r/ from re: r/ crazymiddles to re:  crazymiddles
2020-09-08 12:44:19,880 - New message from DonaldDonut666
 subject: re:  crazymiddles 
 body: thanks 
2020-09-08 12:44:20,322 - Your subreddit is not in our database. Message your moderators or please invite u/badge-bot to moderate with flair permissions. If this is an error, contact u/huckingfoes by PM.
2020-09-08 15:48:27,867 - Updating badges for schmeedafam
2020-09-08 16:37:10,052 - Oh we had to remove a r/ from /u/badge-bot has been removed as a moderator from r/badgebot2 to /u/badge-bot has been removed as a moderator from badgebot2
2020-09-08 16:37:10,053 - New message from None
 subject: /u/badge-bot has been removed as a moderator from badgebot2 
 body: badge-bot: you have been removed as a moderator from r/badgebot2.  if you have a question regarding your removal, you can contact the moderator team for r/badgebot2 by replying to this message. 
2020-09-08 16:37:10,471 - Your subreddit is not in our database. Message your moderators or please invite u/badge-bot to moderate with flair permissions. If this is an error, contact u/huckingfoes by PM.
2020-09-08 16:37:42,070 - Oh we had to remove a r/ from r/bidk  to bidk
2020-09-08 16:38:01,238 - Looks like we have a mod invite!
2020-09-08 16:38:01,238 - Attempting to accept moderator role for: badgebot2
2020-09-08 16:38:01,709 - Accepted mod invite!
2020-09-08 16:38:02,073 - 	Replied: Thanks for the invite! I can now provide badges to your subreddit badgebot2 so long as I have flair permissions at least. [Check my userpage here](https://www.reddit.com/user/badge-bot/comments/ik7v4y/badgebot_alpha_version_now_available/) for more info on configuring badge-bot on your subreddit. For any issues, please contact u/huckingfoes.
2020-09-08 16:38:02,073 - Tried to accept invite, but invalid.
2020-09-08 16:38:56,643 - Retrying due to 503 status: GET https://oauth.reddit.com/message/unread/
2020-09-08 16:39:17,885 - Retrying due to 503 status: GET https://oauth.reddit.com/message/unread/
2020-09-08 16:45:33,804 - Looks like we have a mod invite!
2020-09-08 16:45:33,805 - Attempting to accept moderator role for: badgebot2
2020-09-08 16:45:34,336 - Accepted mod invite!
2020-09-08 16:45:34,642 - Tried to accept invite, but invalid.
2020-09-08 16:45:35,766 - Oh we had to remove a r/ from /u/badge-bot has been removed as a moderator from r/badgebot2 to /u/badge-bot has been removed as a moderator from badgebot2
2020-09-08 16:45:35,766 - New message from huckingfoes
 subject: /u/badge-bot has been removed as a moderator from badgebot2 
 body: badge-bot: you have been removed as a moderator from r/badgebot2.  if you have a question regarding your removal, you can contact the moderator team for r/badgebot2 by replying to this message. 
2020-09-08 16:45:36,356 - Your subreddit is not in our database. Message your moderators or please invite u/badge-bot to moderate with flair permissions. If this is an error, contact u/huckingfoes by PM.
2020-09-08 16:51:39,624 - Removed as mod from badgebot2
2020-09-08 16:53:24,385 - Looks like we have a mod invite!
2020-09-08 16:53:24,385 - Attempting to accept moderator role for: badgebot2
2020-09-08 16:53:24,862 - Accepted mod invite!
2020-09-08 16:53:25,164 - Tried to accept invite, but invalid.
2020-09-08 17:02:33,480 - New message from DonaldDonut666
 subject: crazymiddles 
 body: 2020-09 -08 
2020-09-08 17:03:06,973 - New message from DonaldDonut666
 subject: crazymiddles 
 body: 2020-09 -08 
2020-09-08 17:03:40,513 - New message from DonaldDonut666
 subject: crazymiddles 
 body: 2020-09 -08 
2020-09-08 17:04:12,068 - New message from DonaldDonut666
 subject: crazymiddles 
 body: 2020-09 -08 
2020-09-08 17:04:43,384 - New message from DonaldDonut666
 subject: crazymiddles 
 body: 2020-09 -08 
2020-09-08 17:05:14,803 - New message from DonaldDonut666
 subject: crazymiddles 
 body: 2020-09 -08 
2020-09-08 17:05:46,194 - New message from DonaldDonut666
 subject: crazymiddles 
 body: 2020-09 -08 
2020-09-08 17:06:17,572 - New message from DonaldDonut666
 subject: crazymiddles 
 body: 2020-09 -08 
2020-09-08 17:06:48,859 - New message from DonaldDonut666
 subject: crazymiddles 
 body: 2020-09 -08 
2020-09-08 17:07:20,330 - New message from DonaldDonut666
 subject: crazymiddles 
 body: 2020-09 -08 
2020-09-08 17:07:51,728 - New message from DonaldDonut666
 subject: crazymiddles 
 body: 2020-09 -08 
2020-09-08 17:08:23,035 - New message from DonaldDonut666
 subject: crazymiddles 
 body: 2020-09 -08 
2020-09-08 17:08:56,241 - New message from DonaldDonut666
 subject: crazymiddles 
 body: 2020-09 -08 
2020-09-08 17:09:29,408 - New message from DonaldDonut666
 subject: crazymiddles 
 body: 2020-09 -08 
2020-09-08 17:10:01,214 - New message from DonaldDonut666
 subject: crazymiddles 
 body: 2020-09 -08 
2020-09-08 17:10:31,074 - New message from DonaldDonut666
 subject: crazymiddles 
 body: 2020-09 -08 
2020-09-08 17:11:02,408 - New message from DonaldDonut666
 subject: crazymiddles 
 body: 2020-09 -08 
2020-09-08 17:11:33,649 - New message from DonaldDonut666
 subject: crazymiddles 
 body: 2020-09 -08 
2020-09-08 17:12:04,865 - New message from DonaldDonut666
 subject: crazymiddles 
 body: 2020-09 -08 
2020-09-08 17:12:36,139 - New message from DonaldDonut666
 subject: crazymiddles 
 body: 2020-09 -08 
2020-09-08 17:12:49,428 - New message from DonaldDonut666
 subject: crazymiddles 
 body: 2020-09 -08 
2020-09-08 17:13:20,906 - New message from DonaldDonut666
 subject: crazymiddles 
 body: 2020-09 -08 
2020-09-08 17:13:52,221 - New message from DonaldDonut666
 subject: crazymiddles 
 body: 2020-09 -08 
2020-09-08 17:14:23,649 - New message from DonaldDonut666
 subject: crazymiddles 
 body: 2020-09 -08 
2020-09-08 17:14:55,183 - New message from DonaldDonut666
 subject: crazymiddles 
 body: 2020-09 -08 
2020-09-08 17:15:27,637 - New message from DonaldDonut666
 subject: crazymiddles 
 body: 2020-09 -08 
2020-09-08 17:16:00,009 - New message from DonaldDonut666
 subject: crazymiddles 
 body: 2020-09 -08 
2020-09-08 17:16:32,059 - New message from DonaldDonut666
 subject: crazymiddles 
 body: 2020-09 -08 
2020-09-08 17:17:06,978 - New message from DonaldDonut666
 subject: crazymiddles 
 body: 2020-09 -08 
2020-09-08 17:17:40,726 - New message from DonaldDonut666
 subject: crazymiddles 
 body: 2020-09 -08 
2020-09-08 17:18:12,273 - New message from DonaldDonut666
 subject: crazymiddles 
 body: 2020-09 -08 
2020-09-08 17:18:43,764 - New message from DonaldDonut666
 subject: crazymiddles 
 body: 2020-09 -08 
2020-09-08 17:19:15,286 - New message from DonaldDonut666
 subject: crazymiddles 
 body: 2020-09 -08 
2020-09-08 17:45:49,666 - Unknown string format
2020-09-08 18:33:38,373 - Oh we had to remove a r/ from None to None
2020-09-08 18:33:38,975 - New message from DonaldDonut666
 subject: crazymiddles 
 body: 2020-09 -08 
2020-09-08 18:33:39,457 - Updated badge.
2020-09-08 21:52:35,671 - Oh we had to remove a r/ from None to None
2020-09-08 21:52:36,318 - Oh we had to remove a r/ from r/guardiansofchastity to guardiansofchastity
2020-09-08 21:52:36,318 - New message from Fierce_Zebra_1
 subject: guardiansofchastity 
 body: reset 
2020-09-08 21:52:36,342 - Oh we had to remove a r/ from r/guardiansofchastity to guardiansofchastity
2020-09-08 21:52:36,342 - New badge request... giving badge.
2020-09-09 16:59:57,646 - 16:59:57 Checking messages.
2020-09-09 20:50:54,948 - 20:50:54 Checking messages.
2020-09-09 20:51:18,325 - 20:51:18 Checking messages.
2020-09-09 20:57:43,303 - Oh we had to remove a r/ from    to 
2020-09-09 20:58:30,313 - Oh we had to remove a r/ from    to 
2020-09-09 20:59:53,914 - Oh we had to remove a r/ from r/ dd to dd
2020-09-09 20:59:58,929 - Oh we had to remove a r/ from /r/ dd to dd
2020-09-09 21:00:05,155 - Oh we had to remove a r/ from /r/ r dd to r dd
2020-09-09 21:22:54,727 - 21:22:54 Checking messages.
2020-09-09 21:22:58,781 - 21:22:58 Checking messages.
2020-09-09 21:53:42,764 - 21:53:42 Checking messages.
2020-09-09 21:53:59,051 - 21:53:59 Checking messages.
2020-09-09 21:54:40,681 - 21:54:40 Checking messages.
2020-09-10 00:56:35,047 - Exception occurred
Traceback (most recent call last):
  File "app.py", line 197, in getRedditorQuitDate
    c.execute("SELECT badgedate FROM ? WHERE username = ?", (subreddit, redditor))
sqlite3.OperationalError: near "?": syntax error
2020-09-10 00:56:35,049 - near "?": syntax error
2020-09-10 00:56:47,777 - Exception occurred
Traceback (most recent call last):
  File "app.py", line 197, in getRedditorQuitDate
    c.execute("SELECT badgedate FROM ? WHERE username = ?", (subreddit, redditor))
sqlite3.OperationalError: near "?": syntax error
2020-09-10 00:56:47,777 - near "?": syntax error
2020-09-10 00:57:15,736 - Subreddit string cleaned: opiatesrecovery
2020-09-10 00:57:15,737 - But subreddit does not exist.
2020-09-10 00:57:15,738 - Exception occurred
Traceback (most recent call last):
  File "app.py", line 197, in getRedditorQuitDate
    c.execute("SELECT badgedate FROM ? WHERE username = ?", (subreddit, redditor))
sqlite3.OperationalError: near "?": syntax error
2020-09-10 00:57:15,738 - near "?": syntax error
2020-09-10 00:58:09,605 - Subreddit string cleaned: opiatesrecovery
2020-09-10 00:58:09,606 - But subreddit does not exist.
2020-09-10 00:58:09,606 - Exception occurred
Traceback (most recent call last):
  File "app.py", line 197, in getRedditorQuitDate
    c.execute("SELECT badgedate FROM ? WHERE username = ?", (subreddit, redditor))
sqlite3.OperationalError: near "?": syntax error
2020-09-10 00:58:09,607 - near "?": syntax error
2020-09-10 00:58:25,933 - Subreddit string cleaned: opiatesrecovery
2020-09-10 00:58:25,934 - But subreddit does not exist.
2020-09-10 00:58:25,935 - Exception occurred
Traceback (most recent call last):
  File "app.py", line 198, in getRedditorQuitDate
    c.execute("SELECT badgedate FROM ? WHERE username = ?", (subreddit, redditor))
sqlite3.OperationalError: near "?": syntax error
2020-09-10 00:58:25,936 - near "?": syntax error
2020-09-10 01:00:22,525 - Subreddit string cleaned: opiatesrecovery
2020-09-10 01:00:22,526 - But subreddit does not exist.
2020-09-10 01:00:22,526 - Exception occurred
Traceback (most recent call last):
  File "app.py", line 198, in getRedditorQuitDate
    c.execute("SELECT badgedate FROM " + subreddit + " WHERE username = ?", redditor)
TypeError: can only concatenate str (not "int") to str
2020-09-10 01:00:22,527 - can only concatenate str (not "int") to str
2020-09-10 01:00:41,922 - Subreddit string cleaned: opiatesrecovery
2020-09-10 01:00:41,923 - But subreddit does not exist.
2020-09-10 01:00:41,923 - Exception occurred
Traceback (most recent call last):
  File "app.py", line 198, in getRedditorQuitDate
    c.execute("SELECT * FROM " + subreddit + " WHERE username = ?", redditor)
TypeError: can only concatenate str (not "int") to str
2020-09-10 01:00:41,924 - can only concatenate str (not "int") to str
2020-09-10 01:00:58,758 - Subreddit string cleaned: opiatesrecovery
2020-09-10 01:00:58,759 - But subreddit does not exist.
2020-09-10 01:00:58,759 - Exception occurred
Traceback (most recent call last):
  File "app.py", line 200, in getRedditorQuitDate
    c.execute("SELECT * FROM " + subreddit + " WHERE username = ?", redditor)
TypeError: can only concatenate str (not "int") to str
2020-09-10 01:00:58,760 - can only concatenate str (not "int") to str
2020-09-10 01:01:41,871 - Subreddit string cleaned: opiatesrecovery
2020-09-10 01:01:41,872 - But subreddit does not exist.
2020-09-10 01:01:41,873 - Exception occurred
Traceback (most recent call last):
  File "app.py", line 200, in getRedditorQuitDate
    c.execute("SELECT * FROM " + subreddit + " WHERE username = ?", redditor)
sqlite3.ProgrammingError: Incorrect number of bindings supplied. The current statement uses 1, and there are 4 supplied.
2020-09-10 01:01:41,873 - Incorrect number of bindings supplied. The current statement uses 1, and there are 4 supplied.
2020-09-10 01:02:14,196 - Subreddit string cleaned: opiatesrecovery
2020-09-10 01:02:14,197 - But subreddit does not exist.
2020-09-10 01:02:14,199 - Exception occurred
Traceback (most recent call last):
  File "app.py", line 201, in getRedditorQuitDate
    c.execute("SELECT * FROM " + subreddit + " WHERE username = ?", redditor)
sqlite3.ProgrammingError: Incorrect number of bindings supplied. The current statement uses 1, and there are 4 supplied.
2020-09-10 01:02:14,199 - Incorrect number of bindings supplied. The current statement uses 1, and there are 4 supplied.
2020-09-10 01:02:53,332 - Exception occurred
Traceback (most recent call last):
  File "app.py", line 201, in getRedditorQuitDate
    c.execute("SELECT * FROM " + subreddit + " WHERE username = ?", redditor)
sqlite3.ProgrammingError: Incorrect number of bindings supplied. The current statement uses 1, and there are 4 supplied.
2020-09-10 01:02:53,333 - Incorrect number of bindings supplied. The current statement uses 1, and there are 4 supplied.
2020-09-10 01:04:22,194 - Exception occurred
Traceback (most recent call last):
  File "app.py", line 203, in getRedditorQuitDate
    return(quitDate[1])
IndexError: list index out of range
2020-09-10 01:04:22,195 - list index out of range
2020-09-10 01:04:52,073 - Exception occurred
Traceback (most recent call last):
  File "app.py", line 204, in getRedditorQuitDate
    return(quitDate[1])
IndexError: list index out of range
2020-09-10 01:04:52,074 - list index out of range
